<?xml version="1.0" encoding="UTF-8" standalone="no"?>
<!DOCTYPE log SYSTEM "logger.dtd">
<log>
<record>
  <date>2020-12-01T03:27:15.713536Z</date>
  <millis>1606793235713</millis>
  <nanos>536000</nanos>
  <sequence>0</sequence>
  <logger>logging.EventLogger</logger>
  <level>INFO</level>
  <class>logging.EventLogger</class>
  <method>authlog</method>
  <thread>1</thread>
  <message>user authenticated: ram</message>
</record>
<record>
  <date>2020-12-01T03:28:11.978041Z</date>
  <millis>1606793291978</millis>
  <nanos>41000</nanos>
  <sequence>2</sequence>
  <logger>logging.EventLogger</logger>
  <level>INFO</level>
  <class>logging.EventLogger</class>
  <method>log</method>
  <thread>1</thread>
  <message>query: SELECT * FROM PERSONS, databasename: JAY, tablename: PERSONS, query successful </message>
</record>
<?xml version="1.0" encoding="UTF-8" standalone="no"?>
<!DOCTYPE log SYSTEM "logger.dtd">
<log>
<record>
  <date>2020-12-01T17:44:19.278567Z</date>
  <millis>1606844659278</millis>
  <nanos>567000</nanos>
  <sequence>0</sequence>
  <logger>logging.EventLogger</logger>
  <level>SEVERE</level>
  <class>logging.EventLogger</class>
  <method>errorauthlog</method>
  <thread>1</thread>
  <message>user not authenticated: jay</message>
</record>
<record>
  <date>2020-12-01T17:44:19.330851Z</date>
  <millis>1606844659330</millis>
  <nanos>851000</nanos>
  <sequence>1</sequence>
  <logger>logging.EventLogger</logger>
  <level>SEVERE</level>
  <class>logging.EventLogger</class>
  <method>errorauthlog</method>
  <thread>1</thread>
  <message>user not authenticated: jay</message>
</record>
</log>
<?xml version="1.0" encoding="UTF-8" standalone="no"?>
<!DOCTYPE log SYSTEM "logger.dtd">
<log>
<record>
  <date>2020-12-01T17:45:06.514242Z</date>
  <millis>1606844706514</millis>
  <nanos>242000</nanos>
  <sequence>0</sequence>
  <logger>logging.EventLogger</logger>
  <level>SEVERE</level>
  <class>logging.EventLogger</class>
  <method>errorauthlog</method>
  <thread>1</thread>
  <message>user not authenticated: jay</message>
</record>
<record>
  <date>2020-12-01T17:45:06.546103Z</date>
  <millis>1606844706546</millis>
  <nanos>103000</nanos>
  <sequence>1</sequence>
  <logger>logging.EventLogger</logger>
  <level>SEVERE</level>
  <class>logging.EventLogger</class>
  <method>errorauthlog</method>
  <thread>1</thread>
  <message>user not authenticated: jay</message>
</record>
<record>
  <date>2020-12-01T17:45:06.548892Z</date>
  <millis>1606844706548</millis>
  <nanos>892000</nanos>
  <sequence>2</sequence>
  <logger>logging.EventLogger</logger>
  <level>INFO</level>
  <class>logging.EventLogger</class>
  <method>authlog</method>
  <thread>1</thread>
  <message>user authenticated: jay</message>
</record>
</log>
<?xml version="1.0" encoding="UTF-8" standalone="no"?>
<!DOCTYPE log SYSTEM "logger.dtd">
<log>
<record>
  <date>2020-12-01T17:49:53.144466Z</date>
  <millis>1606844993144</millis>
  <nanos>466000</nanos>
  <sequence>0</sequence>
  <logger>logging.EventLogger</logger>
  <level>INFO</level>
  <class>logging.EventLogger</class>
  <method>authlog</method>
  <thread>1</thread>
  <message>user authenticated: jay</message>
</record>
</log>
<?xml version="1.0" encoding="UTF-8" standalone="no"?>
<!DOCTYPE log SYSTEM "logger.dtd">
<log>
<record>
  <date>2020-12-01T17:50:04.681188Z</date>
  <millis>1606845004681</millis>
  <nanos>188000</nanos>
  <sequence>0</sequence>
  <logger>logging.EventLogger</logger>
  <level>SEVERE</level>
  <class>logging.EventLogger</class>
  <method>errorauthlog</method>
  <thread>1</thread>
  <message>user not authenticated: jay</message>
</record>
</log>
<?xml version="1.0" encoding="UTF-8" standalone="no"?>
<!DOCTYPE log SYSTEM "logger.dtd">
<log>
<record>
  <date>2020-12-01T17:51:21.038921Z</date>
  <millis>1606845081038</millis>
  <nanos>921000</nanos>
  <sequence>0</sequence>
  <logger>logging.EventLogger</logger>
  <level>INFO</level>
  <class>logging.EventLogger</class>
  <method>authlog</method>
  <thread>1</thread>
  <message>user authenticated: jay</message>
</record>
</log>
<?xml version="1.0" encoding="UTF-8" standalone="no"?>
<!DOCTYPE log SYSTEM "logger.dtd">
<log>
<record>
  <date>2020-12-01T20:00:18.134650Z</date>
  <millis>1606852818134</millis>
  <nanos>650000</nanos>
  <sequence>0</sequence>
  <logger>logging.EventLogger</logger>
  <level>INFO</level>
  <class>logging.EventLogger</class>
  <method>authlog</method>
  <thread>1</thread>
  <message>user authenticated: jay</message>
</record>
</log>
<?xml version="1.0" encoding="UTF-8" standalone="no"?>
<!DOCTYPE log SYSTEM "logger.dtd">
<log>
<record>
  <date>2020-12-01T20:02:44.060868Z</date>
  <millis>1606852964060</millis>
  <nanos>868000</nanos>
  <sequence>0</sequence>
  <logger>logging.EventLogger</logger>
  <level>INFO</level>
  <class>logging.EventLogger</class>
  <method>authlog</method>
  <thread>1</thread>
  <message>user authenticated: jay</message>
</record>
</log>
<?xml version="1.0" encoding="UTF-8" standalone="no"?>
<!DOCTYPE log SYSTEM "logger.dtd">
<log>
<record>
  <date>2020-12-01T20:05:47.016780Z</date>
  <millis>1606853147016</millis>
  <nanos>780000</nanos>
  <sequence>0</sequence>
  <logger>logging.EventLogger</logger>
  <level>INFO</level>
  <class>logging.EventLogger</class>
  <method>authlog</method>
  <thread>1</thread>
  <message>user authenticated: jay</message>
</record>
<record>
  <date>2020-12-01T20:05:53.869311Z</date>
  <millis>1606853153869</millis>
  <nanos>311000</nanos>
  <sequence>2</sequence>
  <logger>logging.EventLogger</logger>
  <level>INFO</level>
  <class>logging.EventLogger</class>
  <method>log</method>
  <thread>1</thread>
  <message>query: CREATE TABLE EMPTY, databasename: jay, tablename: EMPTY, query successful </message>
</record>
<record>
  <date>2020-12-01T20:06:36.623759Z</date>
  <millis>1606853196623</millis>
  <nanos>759000</nanos>
  <sequence>4</sequence>
  <logger>logging.EventLogger</logger>
  <level>INFO</level>
  <class>logging.EventLogger</class>
  <method>log</method>
  <thread>1</thread>
  <message>query: UPDATE test SET address  Robie Street Dal  WHERE testid 102 OR lastname  Gajjar  , databasename: jay, tablename: test, query successful </message>
</record>
</log>
